<?xml version="1.0" encoding="UTF-8"?>
<!-- Generated by org.testng.reporters.JUnitXMLReporter -->
<testsuite hostname="DESKTOP-I5JIKQ7" ignored="2" name="Test" tests="3" failures="0" timestamp="02 Apr 2022 16:42:59 GMT" time="12.363" errors="0">
  <testcase name="HomeLoanTest" time="0.003" classname="testNg.LoanTest"/>
  <testcase name="CreditCardTest" time="0.001" classname="testNg.CardTest"/>
  <testcase name="LoginTestCase" time="8.758" classname="testNg.LoginTestTestNG"/>
  <testcase name="CarLoanTest" time="0.0" classname="testNg.LoanTest">
    <ignored/>
  </testcase> <!-- CarLoanTest -->
  <testcase name="CcAccountTest" time="0.0" classname="testNg.CardTest">
    <ignored/>
  </testcase> <!-- CcAccountTest -->
</testsuite> <!-- Test -->
