<?xml version="1.0" encoding="UTF-8"?>
<testsuite xmlns:xsi="http://www.w3.org/2001/XMLSchema-instance" xsi:noNamespaceSchemaLocation="https://maven.apache.org/surefire/maven-surefire-plugin/xsd/surefire-test-report-3.0.xsd" version="3.0" name="TestSuite" time="14.842" tests="3" errors="0" skipped="0" failures="0">
  <properties>
[...]
</properties>
  <testcase name="HomeLoanTest" classname="testNg.LoanTest" time="0">
    <system-out><![CDATA[[TestNGContentHandler] [WARN] It is strongly recommended to add "<!DOCTYPE suite SYSTEM "http://testng.org/testng-1.0.dtd" >" at the top of your file, otherwise TestNG may fail or not work as expected.
inside Method 1
Inside HomeLoan Test
]]></system-out>
  </testcase>
  <testcase name="CreditCardTest" classname="testNg.CardTest" time="0.001">
    <system-out><![CDATA[inside Method 2
 Inside Credit Card Test 
]]></system-out>
  </testcase>
  <testcase name="LoginTestCase[abc@xyz.com, Pqrsd@12345](1)" classname="testNg.LoginTestTestNG" time="9.862">
    <system-out><![CDATA[Total Number of Links in the web page: 14
Href is: https://community.simplilearn.com/
Href is: https://community.simplilearn.com/
Href is: https://www.google.com/intl/en/chrome/browser/
Href is: http://www.mozilla.org/en-US/firefox/new/
Href is: http://www.opera.com/computer/windows
Href is: http://windows.microsoft.com/en-US/internet-explorer/download-ie
Href is: https://play.google.com/store/apps/details?id=com.mobile.simplilearn
Href is: https://itunes.apple.com/app/simplilearn/id963042747?ls=1&mt=8
Href is: https://accounts.simplilearn.com/user/forgot-password
Href is: javascript:void(0);
Href is: javascript:void(0);
Href is: javascript:void(0);
Href is: javascript:void(0);
Href is: https://accounts.simplilearn.com/user/register?redirect_url=https://lms.simplilearn.com/
]]></system-out>
    <system-err><![CDATA[Starting ChromeDriver 99.0.4844.51 (d537ec02474b5afe23684e7963d538896c63ac77-refs/branch-heads/4844@{#875}) on port 33431
Only local connections are allowed.
Please see https://chromedriver.chromium.org/security-considerations for suggestions on keeping ChromeDriver safe.
ChromeDriver was started successfully.
Apr 02, 2022 10:37:09 PM org.openqa.selenium.remote.ProtocolHandshake createSession
INFO: Detected dialect: W3C
]]></system-err>
  </testcase>
</testsuite>